Case #1:
1000000000000000 4 3 4 5 3 7 4 3 4
1000000000000001 3 4 5 3 7 4 3 5 7
1000000000000010 5 3 4 5 3 5 4 3 5
1000000000000100 3 3 4 3 3 4 3 3 4
1000000000000101 13 11 3 4751 173 3 53 109 3
1000000000000110 7 3 3 5 3 3 4 3 3
1000000000000111 3 4 5 3 7 4 3 4 11
1000000000001000 4 3 4 5 3 7 4 3 4
1000000000001001 73 5 3 19 19 3 5 19 3
1000000000001010 3 3 3 3 3 3 3 3 3
1000000000001100 4 3 3 5 3 3 4 3 3
1000000000001101 3 4 5 3 7 4 3 4 11
1000000000001110 37 3 4 4 3 7 4 3 5
1000000000010000 3 3 4 3 3 4 3 3 4
1000000000010010 13 3 3 5 3 3 4 3 3
1000000000010011 3 4 5 3 7 4 3 4 7
1000000000010100 4 3 3 5 3 3 4 3 3
1000000000010110 3 3 4 3 3 4 3 3 5
1000000000011000 4 3 3 5 3 3 4 3 3
1000000000011001 3 4 5 3 7 4 3 4 11
1000000000011010 19 3 4 4 3 7 4 3 5
1000000000011011 5 1567 15559 6197 5 5 1031 7 83
1000000000011100 3 3 4 3 3 4 3 3 4
1000000000011110 23 3 4 5 3 7 4 3 5
1000000000011111 3 4 3 3 7 3 3 5 3
1000000000100000 4 3 4 5 3 5 4 3 4
1000000000100010 3 3 3 3 3 3 3 3 3
1000000000100100 4 3 3 5 3 3 4 3 3
1000000000100101 3 4 5 3 7 4 3 4 7
1000000000100110 47 3 4 4 3 7 4 3 5
1000000000101000 3 3 3 3 3 3 3 3 3
1000000000101010 5 3 4 4 3 4 4 3 5
1000000000101011 3 7 13 3 5 43 3 73 7
1000000000101100 4 3 4 4 3 7 4 3 4
1000000000101110 3 3 4 3 3 7 3 3 5
1000000000101111 5 5 3 13 37 3 5 41 3
1000000000110000 4 3 3 5 3 3 4 3 3
1000000000110001 3 4 5 3 7 4 3 4 11
1000000000110010 61 3 4 4 3 7 4 3 5
1000000000110100 3 3 4 3 3 4 3 3 4
1000000000110101 23 17 11 23 5 299699 43 239 59
1000000000110110 16411 3 4 5 3 7 4 3 5
1000000000110111 3 4 3 3 7 3 3 5 3
1000000000111000 4 3 4 4 3 7 4 3 4
1000000000111010 3 3 4 3 3 7 3 3 5
1000000000111011 17 41 3 29 73 3 17 17 3
1000000000111100 4 3 4 5 3 7 4 3 4
1000000000111101 3 4 3 3 7 3 3 5 3
1000000000111110 5 3 3 5 3 3 4 3 3
1000000001000000 3 3 4 3 3 4 3 3 4
